----------------------------------------
Timestamp: 2008-9-27 6:28:07 Message:  请求文件：C:\cache\2008.06.19 JianLi\server\lib\book\致用\四大名著.exe Category: 文件下载 Extended Properties: 
----------------------------------------
----------------------------------------
Timestamp: 2008-9-27 6:28:26 Message:  请求文件：C:\cache\2008.06.19 JianLi\server\lib\book\野外\结绳技巧.pdf Category: 文件下载 Extended Properties: 
----------------------------------------
----------------------------------------
Timestamp: 2008-9-27 6:49:56 Message:  请求文件：C:\cache\2008.06.19 JianLi\server\lib\book\致用\资治通鉴.exe Category: 文件下载 Extended Properties: 
----------------------------------------
----------------------------------------
Timestamp: 2008-9-28 8:14:23 Message:  请求文件：C:\cache\2008.06.19 JianLi\server\lib\book\致用\资治通鉴.exe Category: 文件下载 Extended Properties: 
----------------------------------------
----------------------------------------
Timestamp: 2008-9-28 8:25:03 Message: C:\cache\2008.06.19 JianLi\server\incoming\后汉书.chm上传成功. Category: 文件上传 Extended Properties: 
----------------------------------------
----------------------------------------
Timestamp: 2008-9-28 8:25:03 Message:  移动到文件库：致用;后汉书.chm Category: 文件下载 Extended Properties: 
----------------------------------------
----------------------------------------
Timestamp: 2008-10-7 9:51:33 Message:  文件库 建立子文件夹：C Category: 文件移动 Extended Properties: 
----------------------------------------
----------------------------------------
Timestamp: 2008-10-7 9:51:46 Message:  请求文件：C:\cache\2008.06.19 JianLi\server\lib\book\致用\后汉书.chm Category: 文件下载 Extended Properties: 
----------------------------------------
----------------------------------------
Timestamp: 2008-10-7 9:56:11 Message:  请求文件：C:\cache\2008.06.19 JianLi\server\lib\book\定时器\定时函数的应用综述.mht Category: 文件下载 Extended Properties: 
----------------------------------------
----------------------------------------
Timestamp: 2008-10-7 9:57:03 Message:  请求文件：C:\cache\2008.06.19 JianLi\server\lib\book\5.Artech.House.Publishers.CDMA.Systems.Capacity.Engineering.eBook-kB.pdf Category: 文件下载 Extended Properties: 
----------------------------------------
----------------------------------------
Timestamp: 2008-10-21 6:17:03 Message:  请求文件：C:\cache\2008.06.19 JianLi\server\lib\book\汇编语言\汇编语言编程艺术（清晰版）.pdf Category: 文件下载 Extended Properties: 
----------------------------------------
----------------------------------------
Timestamp: 2008-10-21 6:17:13 Message:  请求文件：C:\cache\2008.06.19 JianLi\server\lib\book\C++\visual c++ 6.0 数据库编程大全.pdf Category: 文件下载 Extended Properties: 
----------------------------------------
----------------------------------------
Timestamp: 2008-10-21 6:41:52 Message:  请求文件：C:\cache\2008.06.19 JianLi\server\lib\book\标准\QQJB152-2007(型号软件工程实施规范).pdf Category: 文件下载 Extended Properties: 
----------------------------------------
----------------------------------------
Timestamp: 2008-10-21 6:47:05 Message:  请求文件：C:\cache\2008.06.19 JianLi\server\lib\book\MFC\PART1.pdf Category: 文件下载 Extended Properties: 
----------------------------------------
----------------------------------------
Timestamp: 2008-10-21 6:47:33 Message:  请求文件：C:\cache\2008.06.19 JianLi\server\lib\book\46.Getting.the.Message.A.History.of.Communications.eBook-EEn.pdf Category: 文件下载 Extended Properties: 
----------------------------------------
----------------------------------------
Timestamp: 2008-10-21 6:48:35 Message:  请求文件：C:\cache\2008.06.19 JianLi\server\lib\book\MFC\PART2.pdf Category: 文件下载 Extended Properties: 
----------------------------------------
----------------------------------------
Timestamp: 2008-10-21 6:50:40 Message:  请求文件：C:\cache\2008.06.19 JianLi\server\lib\book\致用\四大名著.exe Category: 文件下载 Extended Properties: 
----------------------------------------
----------------------------------------
Timestamp: 2008-10-21 6:52:00 Message:  请求文件：C:\cache\2008.06.19 JianLi\server\lib\book\F#\Expert-FSharp.pdf Category: 文件下载 Extended Properties: 
----------------------------------------
----------------------------------------
Timestamp: 2008-10-21 9:36:46 Message:  请求文件：C:\cache\2008.06.19 JianLi\server\lib\book\言情\C#文件操作.txt Category: 文件下载 Extended Properties: 
----------------------------------------
----------------------------------------
Timestamp: 2008-10-21 9:46:29 Message:  请求文件：C:\cache\2008.06.19 JianLi\server\lib\book\致用\资治通鉴.exe Category: 文件下载 Extended Properties: 
----------------------------------------
----------------------------------------
Timestamp: 2008-10-21 9:48:14 Message:  请求文件：C:\cache\2008.06.19 JianLi\server\lib\book\C#\C# 3.0 Design Patterns.pdf Category: 文件下载 Extended Properties: 
----------------------------------------
----------------------------------------
Timestamp: 2008-10-21 9:53:18 Message:  请求文件：C:\cache\2008.06.19 JianLi\server\lib\book\致用\后汉书.chm Category: 文件下载 Extended Properties: 
----------------------------------------
----------------------------------------
Timestamp: 2008-10-21 9:56:37 Message: C:\cache\2008.06.19 JianLi\server\incoming\C＃2008和.NET 3.5平台.pdf上传成功. Category: 文件上传 Extended Properties: 
----------------------------------------
----------------------------------------
Timestamp: 2008-10-21 9:56:38 Message:  移动到文件库：C#;C＃2008和.NET 3.5平台.pdf Category: 文件下载 Extended Properties: 
----------------------------------------
----------------------------------------
Timestamp: 2008-10-21 10:01:00 Message: C:\cache\2008.06.19 JianLi\server\incoming\C# 3.0 语言定义文档（微软官方版）.doc上传成功. Category: 文件上传 Extended Properties: 
----------------------------------------
----------------------------------------
Timestamp: 2008-10-21 10:01:00 Message:  移动到文件库：C#;C# 3.0 语言定义文档（微软官方版）.doc Category: 文件下载 Extended Properties: 
----------------------------------------
----------------------------------------
Timestamp: 2008-10-21 10:10:40 Message: C:\cache\2008.06.19 JianLi\server\incoming\c＃2008从入门到精通.pdf上传成功. Category: 文件上传 Extended Properties: 
----------------------------------------
----------------------------------------
Timestamp: 2008-10-21 10:10:40 Message:  移动到文件库：C#;c＃2008从入门到精通.pdf Category: 文件下载 Extended Properties: 
----------------------------------------
----------------------------------------
Timestamp: 2008-10-21 10:26:40 Message:  请求文件：C:\cache\2008.06.19 JianLi\server\lib\book\C#\C# 3.0 Cookbook 3rd Edition.pdf Category: 文件下载 Extended Properties: 
----------------------------------------
----------------------------------------
Timestamp: 2008-10-21 10:35:02 Message:  请求文件：C:\cache\2008.06.19 JianLi\server\lib\book\C++\高质量C++编程指南.pdf Category: 文件下载 Extended Properties: 
----------------------------------------
----------------------------------------
Timestamp: 2008-10-21 10:45:03 Message:  请求文件：C:\cache\2008.06.19 JianLi\server\lib\book\C++\高质量C++编程指南.pdf Category: 文件下载 Extended Properties: 
----------------------------------------
----------------------------------------
Timestamp: 2008-10-22 0:29:53 Message:  请求文件：C:\cache\2008.06.19 JianLi\server\lib\book\致用\四大名著.exe Category: 文件下载 Extended Properties: 
----------------------------------------
----------------------------------------
Timestamp: 2008-10-22 0:41:49 Message:  文件库 建立子文件夹：USB大全 Category: 文件移动 Extended Properties: 
----------------------------------------
----------------------------------------
Timestamp: 2008-10-22 0:49:07 Message: C:\cache\2008.06.19 JianLi\server\incoming\USB大全.pdf上传成功. Category: 文件上传 Extended Properties: 
----------------------------------------
----------------------------------------
Timestamp: 2008-10-22 0:49:07 Message:  移动到文件库：USB大全;USB大全.pdf Category: 文件下载 Extended Properties: 
----------------------------------------
----------------------------------------
Timestamp: 2008-10-22 0:57:31 Message: C:\cache\2008.06.19 JianLi\server\incoming\USB大全.pdf上传成功. Category: 文件上传 Extended Properties: 
----------------------------------------
----------------------------------------
Timestamp: 2008-10-22 0:57:31 Message:  移动到文件库：USB大全;USB大全.pdf Category: 文件下载 Extended Properties: 
----------------------------------------
----------------------------------------
Timestamp: 2008-10-22 1:35:10 Message:  请求文件：C:\cache\2008.06.19 JianLi\server\lib\book\44.Wiley.Signals.And.Systems.eBook-TLFeBOOK.pdf Category: 文件下载 Extended Properties: 
----------------------------------------
----------------------------------------
Timestamp: 2008-10-22 1:39:31 Message:  请求文件：C:\cache\2008.06.19 JianLi\server\lib\book\USB大全\USB大全.pdf Category: 文件下载 Extended Properties: 
----------------------------------------
----------------------------------------
Timestamp: 2008-10-22 1:41:27 Message:  请求文件：C:\cache\2008.06.19 JianLi\server\lib\book\C#\C＃2008和.NET 3.5平台.pdf Category: 文件下载 Extended Properties: 
----------------------------------------
----------------------------------------
Timestamp: 2008-10-22 1:42:06 Message:  请求文件：C:\cache\2008.06.19 JianLi\server\lib\book\USB大全\USB大全.pdf Category: 文件下载 Extended Properties: 
----------------------------------------
----------------------------------------
Timestamp: 2008-10-22 1:43:54 Message:  请求文件：C:\cache\2008.06.19 JianLi\server\lib\book\致用\四大名著.exe Category: 文件下载 Extended Properties: 
----------------------------------------
----------------------------------------
Timestamp: 2008-10-22 2:31:07 Message:  请求文件：C:\cache\2008.06.19 JianLi\server\lib\book\C#\C＃2008和.NET 3.5平台.pdf Category: 文件下载 Extended Properties: 
----------------------------------------
----------------------------------------
Timestamp: 2008-10-22 2:59:29 Message:  请求文件：C:\cache\2008.06.19 JianLi\server\lib\book\C#\C# 3.0 语言定义文档（微软官方版）.doc Category: 文件下载 Extended Properties: 
----------------------------------------
----------------------------------------
Timestamp: 2008-10-22 3:00:00 Message:  请求文件：C:\cache\2008.06.19 JianLi\server\lib\book\C#\C＃2008和.NET 3.5平台.pdf Category: 文件下载 Extended Properties: 
----------------------------------------
----------------------------------------
Timestamp: 2008-10-22 3:01:27 Message:  请求文件：C:\cache\2008.06.19 JianLi\server\lib\book\标准\QQJB152-2007(型号软件工程实施规范).pdf Category: 文件下载 Extended Properties: 
----------------------------------------
----------------------------------------
Timestamp: 2008-10-23 0:17:11 Message:  请求文件：C:\cache\2008.06.19 JianLi\server\lib\book\C#\C# 3.0 Cookbook 3rd Edition.pdf Category: 文件下载 Extended Properties: 
----------------------------------------
----------------------------------------
Timestamp: 2008-10-23 0:17:32 Message:  请求文件：C:\cache\2008.06.19 JianLi\server\lib\book\C#\39.Morgan.Kaufmann.C.Sharp.2.0.Practical.Guide.for.Programmers.Feb.2005.eBook-DDU.pdf Category: 文件下载 Extended Properties: 
----------------------------------------
----------------------------------------
Timestamp: 2008-10-23 0:18:36 Message:  请求文件：C:\cache\2008.06.19 JianLi\server\lib\book\C#\Programming C# 3.0 5th Edition.pdf Category: 文件下载 Extended Properties: 
----------------------------------------
----------------------------------------
Timestamp: 2008-10-23 1:40:15 Message:  请求文件：C:\cache\2008.06.19 JianLi\server\lib\book\致用\四大名著.exe Category: 文件下载 Extended Properties: 
----------------------------------------
----------------------------------------
Timestamp: 2008-10-23 1:49:26 Message:  请求文件：C:\cache\2008.06.19 JianLi\server\lib\book\定时器\定时函数的应用综述.mht Category: 文件下载 Extended Properties: 
----------------------------------------
----------------------------------------
Timestamp: 2008-10-23 1:50:38 Message:  请求文件：C:\cache\2008.06.19 JianLi\server\lib\book\C++\visual c++ 6.0 数据库编程大全.pdf Category: 文件下载 Extended Properties: 
----------------------------------------
----------------------------------------
Timestamp: 2008-10-23 1:52:06 Message:  请求文件：C:\cache\2008.06.19 JianLi\server\lib\book\C#\c＃2008从入门到精通.pdf Category: 文件下载 Extended Properties: 
----------------------------------------
----------------------------------------
Timestamp: 2008-10-23 1:53:32 Message:  请求文件：C:\cache\2008.06.19 JianLi\server\lib\book\MFC\PART1.pdf Category: 文件下载 Extended Properties: 
----------------------------------------
----------------------------------------
Timestamp: 2008-10-23 1:54:57 Message:  请求文件：C:\cache\2008.06.19 JianLi\server\lib\book\C#\C＃2008和.NET 3.5平台.pdf Category: 文件下载 Extended Properties: 
----------------------------------------
----------------------------------------
Timestamp: 2008-10-23 1:55:21 Message:  请求文件：C:\cache\2008.06.19 JianLi\server\lib\book\C#\C# 3.0 Cookbook 3rd Edition.pdf Category: 文件下载 Extended Properties: 
----------------------------------------
----------------------------------------
Timestamp: 2008-10-24 0:56:11 Message:  请求文件：C:\cache\2008.06.19 JianLi\server\lib\book\C++\visual c++ 6.0 数据库编程大全.pdf Category: 文件下载 Extended Properties: 
----------------------------------------
----------------------------------------
Timestamp: 2008-10-24 0:56:33 Message:  请求文件：C:\cache\2008.06.19 JianLi\server\lib\book\C#\C＃2008和.NET 3.5平台.pdf Category: 文件下载 Extended Properties: 
----------------------------------------
----------------------------------------
Timestamp: 2008-10-24 0:56:46 Message:  请求文件：C:\cache\2008.06.19 JianLi\server\lib\book\C#\C# 3.0 语言定义文档（微软官方版）.doc Category: 文件下载 Extended Properties: 
----------------------------------------
----------------------------------------
Timestamp: 2008-10-24 0:56:57 Message:  请求文件：C:\cache\2008.06.19 JianLi\server\lib\book\C#\c＃2008从入门到精通.pdf Category: 文件下载 Extended Properties: 
----------------------------------------
----------------------------------------
Timestamp: 2008-10-24 0:57:30 Message:  请求文件：C:\cache\2008.06.19 JianLi\server\lib\book\C#\C＃2008和.NET 3.5平台.pdf Category: 文件下载 Extended Properties: 
----------------------------------------
----------------------------------------
Timestamp: 2008-10-24 0:57:53 Message:  请求文件：C:\cache\2008.06.19 JianLi\server\lib\book\C#\c＃2008从入门到精通.pdf Category: 文件下载 Extended Properties: 
----------------------------------------
----------------------------------------
Timestamp: 2008-10-24 0:57:58 Message:  请求文件：C:\cache\2008.06.19 JianLi\server\lib\book\C#\C# 3.0 语言定义文档（微软官方版）.doc Category: 文件下载 Extended Properties: 
----------------------------------------
----------------------------------------
Timestamp: 2008-10-24 1:05:12 Message:  请求文件：C:\cache\2008.06.19 JianLi\server\lib\book\C#\C# 3.0 Cookbook 3rd Edition.pdf Category: 文件下载 Extended Properties: 
----------------------------------------
----------------------------------------
Timestamp: 2008-10-24 1:05:15 Message:  请求文件：C:\cache\2008.06.19 JianLi\server\lib\book\C#\C# 3.0 Design Patterns.pdf Category: 文件下载 Extended Properties: 
----------------------------------------
----------------------------------------
Timestamp: 2008-10-24 1:05:18 Message:  请求文件：C:\cache\2008.06.19 JianLi\server\lib\book\C#\39.Morgan.Kaufmann.C.Sharp.2.0.Practical.Guide.for.Programmers.Feb.2005.eBook-DDU.pdf Category: 文件下载 Extended Properties: 
----------------------------------------
----------------------------------------
Timestamp: 2008-10-24 1:17:23 Message:  请求文件：C:\cache\2008.06.19 JianLi\server\lib\book\FAT32\FAT32中文版.pdf Category: 文件下载 Extended Properties: 
----------------------------------------
----------------------------------------
Timestamp: 2008-10-24 1:17:38 Message:  请求文件：C:\cache\2008.06.19 JianLi\server\lib\book\USB大全\USB大全 (0).pdf Category: 文件下载 Extended Properties: 
----------------------------------------
----------------------------------------
Timestamp: 2008-10-24 1:18:28 Message:  请求文件：C:\cache\2008.06.19 JianLi\server\lib\book\USB大全\USB大全 (0).pdf Category: 文件下载 Extended Properties: 
----------------------------------------
----------------------------------------
Timestamp: 2008-10-24 1:22:31 Message:  请求文件：C:\cache\2008.06.19 JianLi\server\lib\book\C#\C＃2008和.NET 3.5平台.pdf Category: 文件下载 Extended Properties: 
----------------------------------------
----------------------------------------
Timestamp: 2008-10-24 6:13:30 Message:  请求文件：C:\cache\2008.06.19 JianLi\server\lib\book\定时器\定时函数的应用综述.mht Category: 文件下载 Extended Properties: 
----------------------------------------
----------------------------------------
Timestamp: 2008-10-24 6:14:25 Message:  请求文件：C:\cache\2008.06.19 JianLi\server\lib\book\FAT32\FAT32中文版.pdf Category: 文件下载 Extended Properties: 
----------------------------------------
----------------------------------------
Timestamp: 2008-10-24 6:15:05 Message:  请求文件：C:\cache\2008.06.19 JianLi\server\lib\book\iPhone - The Missing Manual - 2007.pdf Category: 文件下载 Extended Properties: 
----------------------------------------
----------------------------------------
Timestamp: 2008-11-6 6:03:43 Message:  请求文件：C:\cache\2008.06.19 JianLi\server\lib\book\滤波\filtering routiness.pdf Category: 文件下载 Extended Properties: 
----------------------------------------
----------------------------------------
Timestamp: 2008-11-6 7:44:17 Message:  请求文件：C:\cache\2008.06.19 JianLi\server\lib\book\致用\后汉书.chm Category: 文件下载 Extended Properties: 
----------------------------------------
----------------------------------------
Timestamp: 2008-11-6 7:51:31 Message:  请求文件：C:\cache\2008.06.19 JianLi\server\lib\book\定时器\定时函数的应用综述.mht Category: 文件下载 Extended Properties: 
----------------------------------------
